[2026-03-08T07:06:25.229Z] [WARN] [LocalEmbedding] @xenova/transformers not available: 
Something went wrong installing the "sharp" module

Cannot find module '../build/Release/sharp-win32-x64.node'
Require stack:
- d:\projects\node\touwaka-mate-v2\node_modules\@xenova\transformers\node_modules\sharp\lib\sharp.js
- d:\projects\node\touwaka-mate-v2\node_modules\@xenova\transformers\node_modules\sharp\lib\constructor.js
- d:\projects\node\touwaka-mate-v2\node_modules\@xenova\transformers\node_modules\sharp\lib\index.js

Possible solutions:
- Install with verbose logging and look for errors: "npm install --ignore-scripts=false --foreground-scripts --verbose sharp"
- Install for the current win32-x64 runtime: "npm install --platform=win32 --arch=x64 sharp"
- Consult the installation documentation: https://sharp.pixelplumbing.com/install
[2026-03-08T07:06:25.296Z] [INFO] Database connected successfully (Sequelize)
[2026-03-08T07:06:25.339Z] [INFO] Sequelize models initialized
[2026-03-08T07:06:25.344Z] [INFO] Database tables already exist, checking for upgrades...
[2026-03-08T07:06:25.383Z] [INFO] Database schema is up to date
[2026-03-08T07:06:25.383Z] [INFO] ChatService initialized
[2026-03-08T07:06:25.384Z] [INFO] [Scheduler] Task "embedding-worker" registered (interval: 30000ms, preventOverlap: true)
[2026-03-08T07:06:25.384Z] [INFO] BackgroundTaskScheduler initialized with embedding-worker task
[2026-03-08T07:06:25.385Z] [INFO] Database connected
[2026-03-08T07:06:25.392Z] [INFO] Provider routes registered successfully
[2026-03-08T07:06:25.401Z] [INFO] API Server (Koa) started on http://localhost:3000
[2026-03-08T07:06:25.402Z] [INFO] Available endpoints:
[2026-03-08T07:06:25.402Z] [INFO]   POST /api/auth/login
[2026-03-08T07:06:25.402Z] [INFO]   POST /api/auth/refresh
[2026-03-08T07:06:25.402Z] [INFO]   GET  /api/auth/me
[2026-03-08T07:06:25.403Z] [INFO]   GET  /api/users/:id
[2026-03-08T07:06:25.403Z] [INFO]   GET  /api/topics
[2026-03-08T07:06:25.403Z] [INFO]   POST /api/topics
[2026-03-08T07:06:25.403Z] [INFO]   GET  /api/messages?topic_id=
[2026-03-08T07:06:25.404Z] [INFO]   GET  /api/experts
[2026-03-08T07:06:25.404Z] [INFO]   GET  /api/models
[2026-03-08T07:06:25.404Z] [INFO]   GET  /api/providers
[2026-03-08T07:06:25.404Z] [INFO]   POST /api/chat (非流式)
[2026-03-08T07:06:25.405Z] [INFO]   GET  /api/chat/stream (SSE 流式)
[2026-03-08T07:06:25.405Z] [INFO]   GET  /api/roles (角色管理)
[2026-03-08T07:06:25.405Z] [INFO]   GET  /api/roles/:id
[2026-03-08T07:06:25.405Z] [INFO]   PUT  /api/roles/:id
[2026-03-08T07:06:25.405Z] [INFO]   GET  /api/roles/:id/permissions
[2026-03-08T07:06:25.406Z] [INFO]   PUT  /api/roles/:id/permissions
[2026-03-08T07:06:25.406Z] [INFO]   GET  /api/roles/:id/experts
[2026-03-08T07:06:25.406Z] [INFO]   PUT  /api/roles/:id/experts
[2026-03-08T07:06:25.406Z] [INFO]   GET  /api/kb/articles (知识库)
[2026-03-08T07:06:25.406Z] [INFO]   POST /api/kb/articles
[2026-03-08T07:06:25.406Z] [INFO]   GET  /api/kb/articles/:id
[2026-03-08T07:06:25.407Z] [INFO]   GET  /api/kb/articles/:id/sections
[2026-03-08T07:06:25.407Z] [INFO]   GET  /api/kb/sections/:id/paragraphs
[2026-03-08T07:06:25.407Z] [INFO] [ChatService] 开始扫描未回复的消息...
[EmbeddingTask] 🔍 Checking for pending paragraphs to vectorize...
[2026-03-08T07:06:25.408Z] [INFO] [EmbeddingTask] Checking for pending paragraphs...
[2026-03-08T07:06:25.408Z] [INFO] [Scheduler] Task "embedding-worker" started
[2026-03-08T07:06:25.409Z] [INFO] [Scheduler] All tasks started (1 tasks)
[EmbeddingTask] ✅ No pending paragraphs found
[2026-03-08T07:06:25.460Z] [INFO] [ChatService] 没有未回复的消息
[EmbeddingTask] 🔍 Checking for pending paragraphs to vectorize...
[2026-03-08T07:06:55.421Z] [INFO] [EmbeddingTask] Checking for pending paragraphs...
[EmbeddingTask] ✅ No pending paragraphs found
[EmbeddingTask] 🔍 Checking for pending paragraphs to vectorize...
[2026-03-08T07:07:25.435Z] [INFO] [EmbeddingTask] Checking for pending paragraphs...
[EmbeddingTask] ✅ No pending paragraphs found
[EmbeddingTask] 🔍 Checking for pending paragraphs to vectorize...
[2026-03-08T07:07:55.438Z] [INFO] [EmbeddingTask] Checking for pending paragraphs...
[EmbeddingTask] ✅ No pending paragraphs found
[EmbeddingTask] 🔍 Checking for pending paragraphs to vectorize...
[2026-03-08T07:08:25.454Z] [INFO] [EmbeddingTask] Checking for pending paragraphs...
[EmbeddingTask] ✅ No pending paragraphs found
[EmbeddingTask] 🔍 Checking for pending paragraphs to vectorize...
[2026-03-08T07:08:55.458Z] [INFO] [EmbeddingTask] Checking for pending paragraphs...
[EmbeddingTask] ✅ No pending paragraphs found
[EmbeddingTask] 🔍 Checking for pending paragraphs to vectorize...
[2026-03-08T07:09:25.462Z] [INFO] [EmbeddingTask] Checking for pending paragraphs...
[EmbeddingTask] ✅ No pending paragraphs found
[EmbeddingTask] 🔍 Checking for pending paragraphs to vectorize...
[2026-03-08T07:09:55.474Z] [INFO] [EmbeddingTask] Checking for pending paragraphs...
[EmbeddingTask] ✅ No pending paragraphs found
[EmbeddingTask] 🔍 Checking for pending paragraphs to vectorize...
[2026-03-08T07:10:25.483Z] [INFO] [EmbeddingTask] Checking for pending paragraphs...
[EmbeddingTask] ✅ No pending paragraphs found
[EmbeddingTask] 🔍 Checking for pending paragraphs to vectorize...
[2026-03-08T07:10:55.493Z] [INFO] [EmbeddingTask] Checking for pending paragraphs...
[EmbeddingTask] ✅ No pending paragraphs found
[EmbeddingTask] 🔍 Checking for pending paragraphs to vectorize...
[2026-03-08T07:11:25.499Z] [INFO] [EmbeddingTask] Checking for pending paragraphs...
[EmbeddingTask] ✅ No pending paragraphs found
[EmbeddingTask] 🔍 Checking for pending paragraphs to vectorize...
[2026-03-08T07:11:55.505Z] [INFO] [EmbeddingTask] Checking for pending paragraphs...
[EmbeddingTask] ✅ No pending paragraphs found
[EmbeddingTask] 🔍 Checking for pending paragraphs to vectorize...
[2026-03-08T07:12:25.508Z] [INFO] [EmbeddingTask] Checking for pending paragraphs...
[EmbeddingTask] ✅ No pending paragraphs found
[EmbeddingTask] 🔍 Checking for pending paragraphs to vectorize...
[2026-03-08T07:12:55.512Z] [INFO] [EmbeddingTask] Checking for pending paragraphs...
[EmbeddingTask] ✅ No pending paragraphs found
[EmbeddingTask] 🔍 Checking for pending paragraphs to vectorize...
[2026-03-08T07:13:25.528Z] [INFO] [EmbeddingTask] Checking for pending paragraphs...
[EmbeddingTask] ✅ No pending paragraphs found
[EmbeddingTask] 🔍 Checking for pending paragraphs to vectorize...
[2026-03-08T07:13:55.529Z] [INFO] [EmbeddingTask] Checking for pending paragraphs...
[EmbeddingTask] ✅ No pending paragraphs found
[EmbeddingTask] 🔍 Checking for pending paragraphs to vectorize...
[2026-03-08T07:14:25.541Z] [INFO] [EmbeddingTask] Checking for pending paragraphs...
[EmbeddingTask] ✅ No pending paragraphs found
[EmbeddingTask] 🔍 Checking for pending paragraphs to vectorize...
[2026-03-08T07:14:55.549Z] [INFO] [EmbeddingTask] Checking for pending paragraphs...
[EmbeddingTask] ✅ No pending paragraphs found
[EmbeddingTask] 🔍 Checking for pending paragraphs to vectorize...
[2026-03-08T07:15:25.553Z] [INFO] [EmbeddingTask] Checking for pending paragraphs...
[EmbeddingTask] ✅ No pending paragraphs found
[EmbeddingTask] 🔍 Checking for pending paragraphs to vectorize...
[2026-03-08T07:15:55.559Z] [INFO] [EmbeddingTask] Checking for pending paragraphs...
[EmbeddingTask] ✅ No pending paragraphs found
[EmbeddingTask] 🔍 Checking for pending paragraphs to vectorize...
[2026-03-08T07:16:25.573Z] [INFO] [EmbeddingTask] Checking for pending paragraphs...
[EmbeddingTask] ✅ No pending paragraphs found
[EmbeddingTask] 🔍 Checking for pending paragraphs to vectorize...
[2026-03-08T07:16:55.582Z] [INFO] [EmbeddingTask] Checking for pending paragraphs...
[EmbeddingTask] ✅ No pending paragraphs found
[EmbeddingTask] 🔍 Checking for pending paragraphs to vectorize...
[2026-03-08T07:17:25.585Z] [INFO] [EmbeddingTask] Checking for pending paragraphs...
[EmbeddingTask] ✅ No pending paragraphs found
[EmbeddingTask] 🔍 Checking for pending paragraphs to vectorize...
[2026-03-08T07:17:55.596Z] [INFO] [EmbeddingTask] Checking for pending paragraphs...
[EmbeddingTask] ✅ No pending paragraphs found
[EmbeddingTask] 🔍 Checking for pending paragraphs to vectorize...
[2026-03-08T07:18:25.609Z] [INFO] [EmbeddingTask] Checking for pending paragraphs...
[EmbeddingTask] ✅ No pending paragraphs found
[EmbeddingTask] 🔍 Checking for pending paragraphs to vectorize...
[2026-03-08T07:18:55.620Z] [INFO] [EmbeddingTask] Checking for pending paragraphs...
[EmbeddingTask] ✅ No pending paragraphs found
[EmbeddingTask] 🔍 Checking for pending paragraphs to vectorize...
[2026-03-08T07:19:25.633Z] [INFO] [EmbeddingTask] Checking for pending paragraphs...
[EmbeddingTask] ✅ No pending paragraphs found
[EmbeddingTask] 🔍 Checking for pending paragraphs to vectorize...
[2026-03-08T07:19:55.647Z] [INFO] [EmbeddingTask] Checking for pending paragraphs...
[EmbeddingTask] ✅ No pending paragraphs found
[EmbeddingTask] 🔍 Checking for pending paragraphs to vectorize...
[2026-03-08T07:20:25.658Z] [INFO] [EmbeddingTask] Checking for pending paragraphs...
[EmbeddingTask] ✅ No pending paragraphs found
[EmbeddingTask] 🔍 Checking for pending paragraphs to vectorize...
[2026-03-08T07:20:55.670Z] [INFO] [EmbeddingTask] Checking for pending paragraphs...
[EmbeddingTask] ✅ No pending paragraphs found
[EmbeddingTask] 🔍 Checking for pending paragraphs to vectorize...
[2026-03-08T07:21:25.685Z] [INFO] [EmbeddingTask] Checking for pending paragraphs...
[EmbeddingTask] ✅ No pending paragraphs found
[EmbeddingTask] 🔍 Checking for pending paragraphs to vectorize...
[2026-03-08T07:21:55.689Z] [INFO] [EmbeddingTask] Checking for pending paragraphs...
[EmbeddingTask] ✅ No pending paragraphs found
[EmbeddingTask] 🔍 Checking for pending paragraphs to vectorize...
[2026-03-08T07:22:25.702Z] [INFO] [EmbeddingTask] Checking for pending paragraphs...
[EmbeddingTask] ✅ No pending paragraphs found
[EmbeddingTask] 🔍 Checking for pending paragraphs to vectorize...
[2026-03-08T07:22:55.710Z] [INFO] [EmbeddingTask] Checking for pending paragraphs...
[EmbeddingTask] ✅ No pending paragraphs found
[EmbeddingTask] 🔍 Checking for pending paragraphs to vectorize...
[2026-03-08T07:23:25.722Z] [INFO] [EmbeddingTask] Checking for pending paragraphs...
[EmbeddingTask] ✅ No pending paragraphs found
[EmbeddingTask] 🔍 Checking for pending paragraphs to vectorize...
[2026-03-08T07:23:55.726Z] [INFO] [EmbeddingTask] Checking for pending paragraphs...
[EmbeddingTask] ✅ No pending paragraphs found
[EmbeddingTask] 🔍 Checking for pending paragraphs to vectorize...
[2026-03-08T07:24:25.737Z] [INFO] [EmbeddingTask] Checking for pending paragraphs...
[EmbeddingTask] ✅ No pending paragraphs found
[EmbeddingTask] 🔍 Checking for pending paragraphs to vectorize...
[2026-03-08T07:24:55.747Z] [INFO] [EmbeddingTask] Checking for pending paragraphs...
[EmbeddingTask] ✅ No pending paragraphs found
[EmbeddingTask] 🔍 Checking for pending paragraphs to vectorize...
[2026-03-08T07:25:25.752Z] [INFO] [EmbeddingTask] Checking for pending paragraphs...
[EmbeddingTask] ✅ No pending paragraphs found
[EmbeddingTask] 🔍 Checking for pending paragraphs to vectorize...
[2026-03-08T07:25:55.764Z] [INFO] [EmbeddingTask] Checking for pending paragraphs...
[EmbeddingTask] ✅ No pending paragraphs found
[EmbeddingTask] 🔍 Checking for pending paragraphs to vectorize...
[2026-03-08T07:26:25.776Z] [INFO] [EmbeddingTask] Checking for pending paragraphs...
[EmbeddingTask] ✅ No pending paragraphs found
[EmbeddingTask] 🔍 Checking for pending paragraphs to vectorize...
[2026-03-08T07:26:55.786Z] [INFO] [EmbeddingTask] Checking for pending paragraphs...
[EmbeddingTask] ✅ No pending paragraphs found
[EmbeddingTask] 🔍 Checking for pending paragraphs to vectorize...
[2026-03-08T07:27:25.798Z] [INFO] [EmbeddingTask] Checking for pending paragraphs...
[EmbeddingTask] ✅ No pending paragraphs found
[EmbeddingTask] 🔍 Checking for pending paragraphs to vectorize...
[2026-03-08T07:27:55.802Z] [INFO] [EmbeddingTask] Checking for pending paragraphs...
[EmbeddingTask] ✅ No pending paragraphs found
[EmbeddingTask] 🔍 Checking for pending paragraphs to vectorize...
[2026-03-08T07:28:25.814Z] [INFO] [EmbeddingTask] Checking for pending paragraphs...
[EmbeddingTask] ✅ No pending paragraphs found
[EmbeddingTask] 🔍 Checking for pending paragraphs to vectorize...
[2026-03-08T07:28:55.816Z] [INFO] [EmbeddingTask] Checking for pending paragraphs...
[EmbeddingTask] ✅ No pending paragraphs found
[EmbeddingTask] 🔍 Checking for pending paragraphs to vectorize...
[2026-03-08T07:29:25.822Z] [INFO] [EmbeddingTask] Checking for pending paragraphs...
[EmbeddingTask] ✅ No pending paragraphs found
[EmbeddingTask] 🔍 Checking for pending paragraphs to vectorize...
[2026-03-08T07:29:55.836Z] [INFO] [EmbeddingTask] Checking for pending paragraphs...
[EmbeddingTask] ✅ No pending paragraphs found
[EmbeddingTask] 🔍 Checking for pending paragraphs to vectorize...
[2026-03-08T07:30:25.846Z] [INFO] [EmbeddingTask] Checking for pending paragraphs...
[EmbeddingTask] ✅ No pending paragraphs found
[EmbeddingTask] 🔍 Checking for pending paragraphs to vectorize...
[2026-03-08T07:30:55.854Z] [INFO] [EmbeddingTask] Checking for pending paragraphs...
[EmbeddingTask] ✅ No pending paragraphs found
[EmbeddingTask] 🔍 Checking for pending paragraphs to vectorize...
[2026-03-08T07:31:25.869Z] [INFO] [EmbeddingTask] Checking for pending paragraphs...
[EmbeddingTask] ✅ No pending paragraphs found
[EmbeddingTask] 🔍 Checking for pending paragraphs to vectorize...
[2026-03-08T07:31:55.877Z] [INFO] [EmbeddingTask] Checking for pending paragraphs...
[EmbeddingTask] ✅ No pending paragraphs found
[EmbeddingTask] 🔍 Checking for pending paragraphs to vectorize...
[2026-03-08T07:32:25.889Z] [INFO] [EmbeddingTask] Checking for pending paragraphs...
[EmbeddingTask] ✅ No pending paragraphs found
[EmbeddingTask] 🔍 Checking for pending paragraphs to vectorize...
[2026-03-08T07:32:55.900Z] [INFO] [EmbeddingTask] Checking for pending paragraphs...
[EmbeddingTask] ✅ No pending paragraphs found
[EmbeddingTask] 🔍 Checking for pending paragraphs to vectorize...
[2026-03-08T07:33:25.905Z] [INFO] [EmbeddingTask] Checking for pending paragraphs...
[EmbeddingTask] ✅ No pending paragraphs found
[EmbeddingTask] 🔍 Checking for pending paragraphs to vectorize...
[2026-03-08T07:33:55.914Z] [INFO] [EmbeddingTask] Checking for pending paragraphs...
[EmbeddingTask] ✅ No pending paragraphs found
[EmbeddingTask] 🔍 Checking for pending paragraphs to vectorize...
[2026-03-08T07:34:25.927Z] [INFO] [EmbeddingTask] Checking for pending paragraphs...
[EmbeddingTask] ✅ No pending paragraphs found
[EmbeddingTask] 🔍 Checking for pending paragraphs to vectorize...
[2026-03-08T07:34:55.935Z] [INFO] [EmbeddingTask] Checking for pending paragraphs...
[EmbeddingTask] ✅ No pending paragraphs found
[EmbeddingTask] 🔍 Checking for pending paragraphs to vectorize...
[2026-03-08T07:35:25.946Z] [INFO] [EmbeddingTask] Checking for pending paragraphs...
[EmbeddingTask] ✅ No pending paragraphs found
[EmbeddingTask] 🔍 Checking for pending paragraphs to vectorize...
[2026-03-08T07:35:55.954Z] [INFO] [EmbeddingTask] Checking for pending paragraphs...
[EmbeddingTask] ✅ No pending paragraphs found
[EmbeddingTask] 🔍 Checking for pending paragraphs to vectorize...
[2026-03-08T07:36:25.966Z] [INFO] [EmbeddingTask] Checking for pending paragraphs...
[EmbeddingTask] ✅ No pending paragraphs found
[EmbeddingTask] 🔍 Checking for pending paragraphs to vectorize...
[2026-03-08T07:36:55.974Z] [INFO] [EmbeddingTask] Checking for pending paragraphs...
[EmbeddingTask] ✅ No pending paragraphs found
[EmbeddingTask] 🔍 Checking for pending paragraphs to vectorize...
[2026-03-08T07:37:25.988Z] [INFO] [EmbeddingTask] Checking for pending paragraphs...
[EmbeddingTask] ✅ No pending paragraphs found
[EmbeddingTask] 🔍 Checking for pending paragraphs to vectorize...
[2026-03-08T07:37:55.991Z] [INFO] [EmbeddingTask] Checking for pending paragraphs...
[EmbeddingTask] ✅ No pending paragraphs found
[EmbeddingTask] 🔍 Checking for pending paragraphs to vectorize...
[2026-03-08T07:38:25.993Z] [INFO] [EmbeddingTask] Checking for pending paragraphs...
[EmbeddingTask] ✅ No pending paragraphs found
[EmbeddingTask] 🔍 Checking for pending paragraphs to vectorize...
[2026-03-08T07:38:55.999Z] [INFO] [EmbeddingTask] Checking for pending paragraphs...
[EmbeddingTask] ✅ No pending paragraphs found
[EmbeddingTask] 🔍 Checking for pending paragraphs to vectorize...
[2026-03-08T07:39:26.009Z] [INFO] [EmbeddingTask] Checking for pending paragraphs...
[EmbeddingTask] ✅ No pending paragraphs found
[EmbeddingTask] 🔍 Checking for pending paragraphs to vectorize...
[2026-03-08T07:39:56.009Z] [INFO] [EmbeddingTask] Checking for pending paragraphs...
[EmbeddingTask] ✅ No pending paragraphs found
[EmbeddingTask] 🔍 Checking for pending paragraphs to vectorize...
[2026-03-08T07:40:26.015Z] [INFO] [EmbeddingTask] Checking for pending paragraphs...
[EmbeddingTask] ✅ No pending paragraphs found
[EmbeddingTask] 🔍 Checking for pending paragraphs to vectorize...
[2026-03-08T07:40:56.018Z] [INFO] [EmbeddingTask] Checking for pending paragraphs...
[EmbeddingTask] ✅ No pending paragraphs found
[EmbeddingTask] 🔍 Checking for pending paragraphs to vectorize...
[2026-03-08T07:41:26.024Z] [INFO] [EmbeddingTask] Checking for pending paragraphs...
[EmbeddingTask] ✅ No pending paragraphs found
[EmbeddingTask] 🔍 Checking for pending paragraphs to vectorize...
[2026-03-08T07:41:56.029Z] [INFO] [EmbeddingTask] Checking for pending paragraphs...
[EmbeddingTask] ✅ No pending paragraphs found
[EmbeddingTask] 🔍 Checking for pending paragraphs to vectorize...
[2026-03-08T07:42:26.031Z] [INFO] [EmbeddingTask] Checking for pending paragraphs...
[EmbeddingTask] ✅ No pending paragraphs found
[EmbeddingTask] 🔍 Checking for pending paragraphs to vectorize...
[2026-03-08T07:42:56.038Z] [INFO] [EmbeddingTask] Checking for pending paragraphs...
[EmbeddingTask] ✅ No pending paragraphs found
[EmbeddingTask] 🔍 Checking for pending paragraphs to vectorize...
[2026-03-08T07:43:26.047Z] [INFO] [EmbeddingTask] Checking for pending paragraphs...
[EmbeddingTask] ✅ No pending paragraphs found
[EmbeddingTask] 🔍 Checking for pending paragraphs to vectorize...
[2026-03-08T07:43:56.048Z] [INFO] [EmbeddingTask] Checking for pending paragraphs...
[EmbeddingTask] ✅ No pending paragraphs found
[EmbeddingTask] 🔍 Checking for pending paragraphs to vectorize...
[2026-03-08T07:44:26.059Z] [INFO] [EmbeddingTask] Checking for pending paragraphs...
[EmbeddingTask] ✅ No pending paragraphs found
[EmbeddingTask] 🔍 Checking for pending paragraphs to vectorize...
[2026-03-08T07:44:56.067Z] [INFO] [EmbeddingTask] Checking for pending paragraphs...
[EmbeddingTask] ✅ No pending paragraphs found
[EmbeddingTask] 🔍 Checking for pending paragraphs to vectorize...
[2026-03-08T07:45:26.077Z] [INFO] [EmbeddingTask] Checking for pending paragraphs...
[EmbeddingTask] ✅ No pending paragraphs found
[EmbeddingTask] 🔍 Checking for pending paragraphs to vectorize...
[2026-03-08T07:45:56.087Z] [INFO] [EmbeddingTask] Checking for pending paragraphs...
[EmbeddingTask] ✅ No pending paragraphs found
[EmbeddingTask] 🔍 Checking for pending paragraphs to vectorize...
[2026-03-08T07:46:26.092Z] [INFO] [EmbeddingTask] Checking for pending paragraphs...
[EmbeddingTask] ✅ No pending paragraphs found
[EmbeddingTask] 🔍 Checking for pending paragraphs to vectorize...
[2026-03-08T07:46:56.099Z] [INFO] [EmbeddingTask] Checking for pending paragraphs...
[EmbeddingTask] ✅ No pending paragraphs found
[EmbeddingTask] 🔍 Checking for pending paragraphs to vectorize...
[2026-03-08T07:47:26.108Z] [INFO] [EmbeddingTask] Checking for pending paragraphs...
[EmbeddingTask] ✅ No pending paragraphs found
[EmbeddingTask] 🔍 Checking for pending paragraphs to vectorize...
[2026-03-08T07:47:56.117Z] [INFO] [EmbeddingTask] Checking for pending paragraphs...
[EmbeddingTask] ✅ No pending paragraphs found
[EmbeddingTask] 🔍 Checking for pending paragraphs to vectorize...
[2026-03-08T07:48:26.118Z] [INFO] [EmbeddingTask] Checking for pending paragraphs...
[EmbeddingTask] ✅ No pending paragraphs found
[EmbeddingTask] 🔍 Checking for pending paragraphs to vectorize...
[2026-03-08T07:48:56.127Z] [INFO] [EmbeddingTask] Checking for pending paragraphs...
[EmbeddingTask] ✅ No pending paragraphs found
[EmbeddingTask] 🔍 Checking for pending paragraphs to vectorize...
[2026-03-08T07:49:26.129Z] [INFO] [EmbeddingTask] Checking for pending paragraphs...
[EmbeddingTask] ✅ No pending paragraphs found
[EmbeddingTask] 🔍 Checking for pending paragraphs to vectorize...
[2026-03-08T07:49:56.132Z] [INFO] [EmbeddingTask] Checking for pending paragraphs...
[EmbeddingTask] ✅ No pending paragraphs found
[EmbeddingTask] 🔍 Checking for pending paragraphs to vectorize...
[2026-03-08T07:50:26.135Z] [INFO] [EmbeddingTask] Checking for pending paragraphs...
[EmbeddingTask] ✅ No pending paragraphs found
[EmbeddingTask] 🔍 Checking for pending paragraphs to vectorize...
[2026-03-08T07:50:56.136Z] [INFO] [EmbeddingTask] Checking for pending paragraphs...
[EmbeddingTask] ✅ No pending paragraphs found
[EmbeddingTask] 🔍 Checking for pending paragraphs to vectorize...
[2026-03-08T07:51:26.148Z] [INFO] [EmbeddingTask] Checking for pending paragraphs...
[EmbeddingTask] ✅ No pending paragraphs found
[EmbeddingTask] 🔍 Checking for pending paragraphs to vectorize...
[2026-03-08T07:51:56.153Z] [INFO] [EmbeddingTask] Checking for pending paragraphs...
[EmbeddingTask] ✅ No pending paragraphs found
[EmbeddingTask] 🔍 Checking for pending paragraphs to vectorize...
[2026-03-08T07:52:26.162Z] [INFO] [EmbeddingTask] Checking for pending paragraphs...
[EmbeddingTask] ✅ No pending paragraphs found
[EmbeddingTask] 🔍 Checking for pending paragraphs to vectorize...
[2026-03-08T07:52:56.175Z] [INFO] [EmbeddingTask] Checking for pending paragraphs...
[EmbeddingTask] ✅ No pending paragraphs found
[EmbeddingTask] 🔍 Checking for pending paragraphs to vectorize...
[2026-03-08T07:53:26.190Z] [INFO] [EmbeddingTask] Checking for pending paragraphs...
[EmbeddingTask] ✅ No pending paragraphs found
[EmbeddingTask] 🔍 Checking for pending paragraphs to vectorize...
[2026-03-08T07:53:56.199Z] [INFO] [EmbeddingTask] Checking for pending paragraphs...
[EmbeddingTask] ✅ No pending paragraphs found
[EmbeddingTask] 🔍 Checking for pending paragraphs to vectorize...
[2026-03-08T07:54:26.215Z] [INFO] [EmbeddingTask] Checking for pending paragraphs...
[EmbeddingTask] ✅ No pending paragraphs found
[EmbeddingTask] 🔍 Checking for pending paragraphs to vectorize...
[2026-03-08T07:54:56.229Z] [INFO] [EmbeddingTask] Checking for pending paragraphs...
[EmbeddingTask] ✅ No pending paragraphs found
[EmbeddingTask] 🔍 Checking for pending paragraphs to vectorize...
[2026-03-08T07:55:26.244Z] [INFO] [EmbeddingTask] Checking for pending paragraphs...
[EmbeddingTask] ✅ No pending paragraphs found
[EmbeddingTask] 🔍 Checking for pending paragraphs to vectorize...
[2026-03-08T07:55:56.252Z] [INFO] [EmbeddingTask] Checking for pending paragraphs...
[EmbeddingTask] ✅ No pending paragraphs found
[EmbeddingTask] 🔍 Checking for pending paragraphs to vectorize...
[2026-03-08T07:56:26.257Z] [INFO] [EmbeddingTask] Checking for pending paragraphs...
[EmbeddingTask] ✅ No pending paragraphs found
[EmbeddingTask] 🔍 Checking for pending paragraphs to vectorize...
[2026-03-08T07:56:56.259Z] [INFO] [EmbeddingTask] Checking for pending paragraphs...
[EmbeddingTask] ✅ No pending paragraphs found
[EmbeddingTask] 🔍 Checking for pending paragraphs to vectorize...
[2026-03-08T07:57:26.272Z] [INFO] [EmbeddingTask] Checking for pending paragraphs...
[EmbeddingTask] ✅ No pending paragraphs found
[EmbeddingTask] 🔍 Checking for pending paragraphs to vectorize...
[2026-03-08T07:57:56.274Z] [INFO] [EmbeddingTask] Checking for pending paragraphs...
[EmbeddingTask] ✅ No pending paragraphs found
[EmbeddingTask] 🔍 Checking for pending paragraphs to vectorize...
[2026-03-08T07:58:26.288Z] [INFO] [EmbeddingTask] Checking for pending paragraphs...
[EmbeddingTask] ✅ No pending paragraphs found
[EmbeddingTask] 🔍 Checking for pending paragraphs to vectorize...
[2026-03-08T07:58:56.302Z] [INFO] [EmbeddingTask] Checking for pending paragraphs...
[EmbeddingTask] ✅ No pending paragraphs found
[EmbeddingTask] 🔍 Checking for pending paragraphs to vectorize...
[2026-03-08T07:59:26.311Z] [INFO] [EmbeddingTask] Checking for pending paragraphs...
[EmbeddingTask] ✅ No pending paragraphs found
[EmbeddingTask] 🔍 Checking for pending paragraphs to vectorize...
[2026-03-08T07:59:56.313Z] [INFO] [EmbeddingTask] Checking for pending paragraphs...
[EmbeddingTask] ✅ No pending paragraphs found
[EmbeddingTask] 🔍 Checking for pending paragraphs to vectorize...
[2026-03-08T08:00:26.315Z] [INFO] [EmbeddingTask] Checking for pending paragraphs...
[EmbeddingTask] ✅ No pending paragraphs found
[EmbeddingTask] 🔍 Checking for pending paragraphs to vectorize...
[2026-03-08T08:00:56.325Z] [INFO] [EmbeddingTask] Checking for pending paragraphs...
[EmbeddingTask] ✅ No pending paragraphs found
[EmbeddingTask] 🔍 Checking for pending paragraphs to vectorize...
[2026-03-08T08:01:26.338Z] [INFO] [EmbeddingTask] Checking for pending paragraphs...
[EmbeddingTask] ✅ No pending paragraphs found
[EmbeddingTask] 🔍 Checking for pending paragraphs to vectorize...
[2026-03-08T08:01:56.353Z] [INFO] [EmbeddingTask] Checking for pending paragraphs...
[EmbeddingTask] ✅ No pending paragraphs found
[EmbeddingTask] 🔍 Checking for pending paragraphs to vectorize...
[2026-03-08T08:02:26.354Z] [INFO] [EmbeddingTask] Checking for pending paragraphs...
[EmbeddingTask] ✅ No pending paragraphs found
[EmbeddingTask] 🔍 Checking for pending paragraphs to vectorize...
[2026-03-08T08:02:56.354Z] [INFO] [EmbeddingTask] Checking for pending paragraphs...
[EmbeddingTask] ✅ No pending paragraphs found
[EmbeddingTask] 🔍 Checking for pending paragraphs to vectorize...
[2026-03-08T08:03:26.355Z] [INFO] [EmbeddingTask] Checking for pending paragraphs...
[EmbeddingTask] ✅ No pending paragraphs found
[EmbeddingTask] 🔍 Checking for pending paragraphs to vectorize...
[2026-03-08T08:03:56.358Z] [INFO] [EmbeddingTask] Checking for pending paragraphs...
[EmbeddingTask] ✅ No pending paragraphs found
[EmbeddingTask] 🔍 Checking for pending paragraphs to vectorize...
[2026-03-08T08:04:26.373Z] [INFO] [EmbeddingTask] Checking for pending paragraphs...
[EmbeddingTask] ✅ No pending paragraphs found
[EmbeddingTask] 🔍 Checking for pending paragraphs to vectorize...
[2026-03-08T08:04:56.387Z] [INFO] [EmbeddingTask] Checking for pending paragraphs...
[EmbeddingTask] ✅ No pending paragraphs found
[EmbeddingTask] 🔍 Checking for pending paragraphs to vectorize...
[2026-03-08T08:05:26.402Z] [INFO] [EmbeddingTask] Checking for pending paragraphs...
[EmbeddingTask] ✅ No pending paragraphs found
[EmbeddingTask] 🔍 Checking for pending paragraphs to vectorize...
[2026-03-08T08:05:56.403Z] [INFO] [EmbeddingTask] Checking for pending paragraphs...
[EmbeddingTask] ✅ No pending paragraphs found
[EmbeddingTask] 🔍 Checking for pending paragraphs to vectorize...
[2026-03-08T08:06:26.409Z] [INFO] [EmbeddingTask] Checking for pending paragraphs...
[EmbeddingTask] ✅ No pending paragraphs found
[EmbeddingTask] 🔍 Checking for pending paragraphs to vectorize...
[2026-03-08T08:06:56.421Z] [INFO] [EmbeddingTask] Checking for pending paragraphs...
[EmbeddingTask] ✅ No pending paragraphs found
[EmbeddingTask] 🔍 Checking for pending paragraphs to vectorize...
[2026-03-08T08:07:26.432Z] [INFO] [EmbeddingTask] Checking for pending paragraphs...
[EmbeddingTask] ✅ No pending paragraphs found
[EmbeddingTask] 🔍 Checking for pending paragraphs to vectorize...
[2026-03-08T08:07:56.445Z] [INFO] [EmbeddingTask] Checking for pending paragraphs...
[EmbeddingTask] ✅ No pending paragraphs found
[EmbeddingTask] 🔍 Checking for pending paragraphs to vectorize...
[2026-03-08T08:08:26.457Z] [INFO] [EmbeddingTask] Checking for pending paragraphs...
[EmbeddingTask] ✅ No pending paragraphs found
[EmbeddingTask] 🔍 Checking for pending paragraphs to vectorize...
[2026-03-08T08:08:56.460Z] [INFO] [EmbeddingTask] Checking for pending paragraphs...
[EmbeddingTask] ✅ No pending paragraphs found
[EmbeddingTask] 🔍 Checking for pending paragraphs to vectorize...
[2026-03-08T08:09:26.462Z] [INFO] [EmbeddingTask] Checking for pending paragraphs...
[EmbeddingTask] ✅ No pending paragraphs found
[EmbeddingTask] 🔍 Checking for pending paragraphs to vectorize...
[2026-03-08T08:09:56.476Z] [INFO] [EmbeddingTask] Checking for pending paragraphs...
[EmbeddingTask] ✅ No pending paragraphs found
[EmbeddingTask] 🔍 Checking for pending paragraphs to vectorize...
[2026-03-08T08:10:26.479Z] [INFO] [EmbeddingTask] Checking for pending paragraphs...
[EmbeddingTask] ✅ No pending paragraphs found
[EmbeddingTask] 🔍 Checking for pending paragraphs to vectorize...
[2026-03-08T08:10:56.487Z] [INFO] [EmbeddingTask] Checking for pending paragraphs...
[EmbeddingTask] ✅ No pending paragraphs found
[EmbeddingTask] 🔍 Checking for pending paragraphs to vectorize...
[2026-03-08T08:11:26.492Z] [INFO] [EmbeddingTask] Checking for pending paragraphs...
[EmbeddingTask] ✅ No pending paragraphs found
[EmbeddingTask] 🔍 Checking for pending paragraphs to vectorize...
[2026-03-08T08:11:56.507Z] [INFO] [EmbeddingTask] Checking for pending paragraphs...
[EmbeddingTask] ✅ No pending paragraphs found
[EmbeddingTask] 🔍 Checking for pending paragraphs to vectorize...
[2026-03-08T08:12:26.509Z] [INFO] [EmbeddingTask] Checking for pending paragraphs...
[EmbeddingTask] ✅ No pending paragraphs found
[EmbeddingTask] 🔍 Checking for pending paragraphs to vectorize...
[2026-03-08T08:12:56.516Z] [INFO] [EmbeddingTask] Checking for pending paragraphs...
[EmbeddingTask] ✅ No pending paragraphs found
[EmbeddingTask] 🔍 Checking for pending paragraphs to vectorize...
[2026-03-08T08:13:26.515Z] [INFO] [EmbeddingTask] Checking for pending paragraphs...
[EmbeddingTask] ✅ No pending paragraphs found
[EmbeddingTask] 🔍 Checking for pending paragraphs to vectorize...
[2026-03-08T08:13:56.526Z] [INFO] [EmbeddingTask] Checking for pending paragraphs...
[EmbeddingTask] ✅ No pending paragraphs found
[EmbeddingTask] 🔍 Checking for pending paragraphs to vectorize...
[2026-03-08T08:14:26.526Z] [INFO] [EmbeddingTask] Checking for pending paragraphs...
[EmbeddingTask] ✅ No pending paragraphs found
[EmbeddingTask] 🔍 Checking for pending paragraphs to vectorize...
[2026-03-08T08:14:56.529Z] [INFO] [EmbeddingTask] Checking for pending paragraphs...
[EmbeddingTask] ✅ No pending paragraphs found
[EmbeddingTask] 🔍 Checking for pending paragraphs to vectorize...
[2026-03-08T08:15:26.541Z] [INFO] [EmbeddingTask] Checking for pending paragraphs...
[EmbeddingTask] ✅ No pending paragraphs found
[EmbeddingTask] 🔍 Checking for pending paragraphs to vectorize...
[2026-03-08T08:15:56.547Z] [INFO] [EmbeddingTask] Checking for pending paragraphs...
[EmbeddingTask] ✅ No pending paragraphs found
[EmbeddingTask] 🔍 Checking for pending paragraphs to vectorize...
[2026-03-08T08:16:26.553Z] [INFO] [EmbeddingTask] Checking for pending paragraphs...
[EmbeddingTask] ✅ No pending paragraphs found
[EmbeddingTask] 🔍 Checking for pending paragraphs to vectorize...
[2026-03-08T08:16:56.568Z] [INFO] [EmbeddingTask] Checking for pending paragraphs...
[EmbeddingTask] ✅ No pending paragraphs found
[EmbeddingTask] 🔍 Checking for pending paragraphs to vectorize...
[2026-03-08T08:17:26.580Z] [INFO] [EmbeddingTask] Checking for pending paragraphs...
[EmbeddingTask] ✅ No pending paragraphs found
[EmbeddingTask] 🔍 Checking for pending paragraphs to vectorize...
[2026-03-08T08:17:56.589Z] [INFO] [EmbeddingTask] Checking for pending paragraphs...
[EmbeddingTask] ✅ No pending paragraphs found
[EmbeddingTask] 🔍 Checking for pending paragraphs to vectorize...
[2026-03-08T08:18:26.595Z] [INFO] [EmbeddingTask] Checking for pending paragraphs...
[EmbeddingTask] ✅ No pending paragraphs found
[EmbeddingTask] 🔍 Checking for pending paragraphs to vectorize...
[2026-03-08T08:18:56.605Z] [INFO] [EmbeddingTask] Checking for pending paragraphs...
[EmbeddingTask] ✅ No pending paragraphs found
[EmbeddingTask] 🔍 Checking for pending paragraphs to vectorize...
[2026-03-08T08:19:26.611Z] [INFO] [EmbeddingTask] Checking for pending paragraphs...
[EmbeddingTask] ✅ No pending paragraphs found
[EmbeddingTask] 🔍 Checking for pending paragraphs to vectorize...
[2026-03-08T08:19:56.621Z] [INFO] [EmbeddingTask] Checking for pending paragraphs...
[EmbeddingTask] ✅ No pending paragraphs found
[EmbeddingTask] 🔍 Checking for pending paragraphs to vectorize...
[2026-03-08T08:20:26.635Z] [INFO] [EmbeddingTask] Checking for pending paragraphs...
[EmbeddingTask] ✅ No pending paragraphs found
[EmbeddingTask] 🔍 Checking for pending paragraphs to vectorize...
[2026-03-08T08:20:56.635Z] [INFO] [EmbeddingTask] Checking for pending paragraphs...
[EmbeddingTask] ✅ No pending paragraphs found
[EmbeddingTask] 🔍 Checking for pending paragraphs to vectorize...
[2026-03-08T08:21:26.640Z] [INFO] [EmbeddingTask] Checking for pending paragraphs...
[EmbeddingTask] ✅ No pending paragraphs found
[EmbeddingTask] 🔍 Checking for pending paragraphs to vectorize...
[2026-03-08T08:21:56.642Z] [INFO] [EmbeddingTask] Checking for pending paragraphs...
[EmbeddingTask] ✅ No pending paragraphs found
[EmbeddingTask] 🔍 Checking for pending paragraphs to vectorize...
[2026-03-08T08:22:26.652Z] [INFO] [EmbeddingTask] Checking for pending paragraphs...
[EmbeddingTask] ✅ No pending paragraphs found
[EmbeddingTask] 🔍 Checking for pending paragraphs to vectorize...
[2026-03-08T08:22:56.660Z] [INFO] [EmbeddingTask] Checking for pending paragraphs...
[EmbeddingTask] ✅ No pending paragraphs found
[EmbeddingTask] 🔍 Checking for pending paragraphs to vectorize...
[2026-03-08T08:23:26.667Z] [INFO] [EmbeddingTask] Checking for pending paragraphs...
[EmbeddingTask] ✅ No pending paragraphs found
[EmbeddingTask] 🔍 Checking for pending paragraphs to vectorize...
[2026-03-08T08:23:56.680Z] [INFO] [EmbeddingTask] Checking for pending paragraphs...
[EmbeddingTask] ✅ No pending paragraphs found
[EmbeddingTask] 🔍 Checking for pending paragraphs to vectorize...
[2026-03-08T08:24:26.680Z] [INFO] [EmbeddingTask] Checking for pending paragraphs...
[EmbeddingTask] ✅ No pending paragraphs found
[EmbeddingTask] 🔍 Checking for pending paragraphs to vectorize...
[2026-03-08T08:24:56.695Z] [INFO] [EmbeddingTask] Checking for pending paragraphs...
[EmbeddingTask] ✅ No pending paragraphs found
[EmbeddingTask] 🔍 Checking for pending paragraphs to vectorize...
[2026-03-08T08:25:26.710Z] [INFO] [EmbeddingTask] Checking for pending paragraphs...
[EmbeddingTask] ✅ No pending paragraphs found
[EmbeddingTask] 🔍 Checking for pending paragraphs to vectorize...
[2026-03-08T08:25:56.722Z] [INFO] [EmbeddingTask] Checking for pending paragraphs...
[EmbeddingTask] ✅ No pending paragraphs found
[EmbeddingTask] 🔍 Checking for pending paragraphs to vectorize...
[2026-03-08T08:26:26.724Z] [INFO] [EmbeddingTask] Checking for pending paragraphs...
[EmbeddingTask] ✅ No pending paragraphs found
[EmbeddingTask] 🔍 Checking for pending paragraphs to vectorize...
[2026-03-08T08:26:56.725Z] [INFO] [EmbeddingTask] Checking for pending paragraphs...
[EmbeddingTask] ✅ No pending paragraphs found
[EmbeddingTask] 🔍 Checking for pending paragraphs to vectorize...
[2026-03-08T08:27:26.740Z] [INFO] [EmbeddingTask] Checking for pending paragraphs...
[EmbeddingTask] ✅ No pending paragraphs found
[EmbeddingTask] 🔍 Checking for pending paragraphs to vectorize...
[2026-03-08T08:27:56.747Z] [INFO] [EmbeddingTask] Checking for pending paragraphs...
[EmbeddingTask] ✅ No pending paragraphs found
[EmbeddingTask] 🔍 Checking for pending paragraphs to vectorize...
[2026-03-08T08:28:26.750Z] [INFO] [EmbeddingTask] Checking for pending paragraphs...
[EmbeddingTask] ✅ No pending paragraphs found
[EmbeddingTask] 🔍 Checking for pending paragraphs to vectorize...
[2026-03-08T08:28:56.760Z] [INFO] [EmbeddingTask] Checking for pending paragraphs...
[EmbeddingTask] ✅ No pending paragraphs found
[EmbeddingTask] 🔍 Checking for pending paragraphs to vectorize...
[2026-03-08T08:29:26.774Z] [INFO] [EmbeddingTask] Checking for pending paragraphs...
[EmbeddingTask] ✅ No pending paragraphs found
[EmbeddingTask] 🔍 Checking for pending paragraphs to vectorize...
[2026-03-08T08:29:56.790Z] [INFO] [EmbeddingTask] Checking for pending paragraphs...
[EmbeddingTask] ✅ No pending paragraphs found
[EmbeddingTask] 🔍 Checking for pending paragraphs to vectorize...
[2026-03-08T08:30:26.800Z] [INFO] [EmbeddingTask] Checking for pending paragraphs...
[EmbeddingTask] ✅ No pending paragraphs found
[EmbeddingTask] 🔍 Checking for pending paragraphs to vectorize...
[2026-03-08T08:30:56.815Z] [INFO] [EmbeddingTask] Checking for pending paragraphs...
[EmbeddingTask] ✅ No pending paragraphs found
[EmbeddingTask] 🔍 Checking for pending paragraphs to vectorize...
[2026-03-08T08:31:26.821Z] [INFO] [EmbeddingTask] Checking for pending paragraphs...
[EmbeddingTask] ✅ No pending paragraphs found
[EmbeddingTask] 🔍 Checking for pending paragraphs to vectorize...
[2026-03-08T08:31:56.827Z] [INFO] [EmbeddingTask] Checking for pending paragraphs...
[EmbeddingTask] ✅ No pending paragraphs found
[EmbeddingTask] 🔍 Checking for pending paragraphs to vectorize...
[2026-03-08T08:32:26.832Z] [INFO] [EmbeddingTask] Checking for pending paragraphs...
[EmbeddingTask] ✅ No pending paragraphs found
[EmbeddingTask] 🔍 Checking for pending paragraphs to vectorize...
[2026-03-08T08:32:56.837Z] [INFO] [EmbeddingTask] Checking for pending paragraphs...
[EmbeddingTask] ✅ No pending paragraphs found
[EmbeddingTask] 🔍 Checking for pending paragraphs to vectorize...
[2026-03-08T08:33:26.848Z] [INFO] [EmbeddingTask] Checking for pending paragraphs...
[EmbeddingTask] ✅ No pending paragraphs found
[EmbeddingTask] 🔍 Checking for pending paragraphs to vectorize...
[2026-03-08T08:33:56.849Z] [INFO] [EmbeddingTask] Checking for pending paragraphs...
[EmbeddingTask] ✅ No pending paragraphs found
[EmbeddingTask] 🔍 Checking for pending paragraphs to vectorize...
[2026-03-08T08:34:26.860Z] [INFO] [EmbeddingTask] Checking for pending paragraphs...
[EmbeddingTask] ✅ No pending paragraphs found
[EmbeddingTask] 🔍 Checking for pending paragraphs to vectorize...
[2026-03-08T08:34:56.868Z] [INFO] [EmbeddingTask] Checking for pending paragraphs...
[EmbeddingTask] ✅ No pending paragraphs found
[EmbeddingTask] 🔍 Checking for pending paragraphs to vectorize...
[2026-03-08T08:35:26.875Z] [INFO] [EmbeddingTask] Checking for pending paragraphs...
[EmbeddingTask] ✅ No pending paragraphs found
[EmbeddingTask] 🔍 Checking for pending paragraphs to vectorize...
[2026-03-08T08:35:56.883Z] [INFO] [EmbeddingTask] Checking for pending paragraphs...
[EmbeddingTask] ✅ No pending paragraphs found
[EmbeddingTask] 🔍 Checking for pending paragraphs to vectorize...
[2026-03-08T08:36:26.895Z] [INFO] [EmbeddingTask] Checking for pending paragraphs...
[EmbeddingTask] ✅ No pending paragraphs found
[EmbeddingTask] 🔍 Checking for pending paragraphs to vectorize...
[2026-03-08T08:36:56.905Z] [INFO] [EmbeddingTask] Checking for pending paragraphs...
[EmbeddingTask] ✅ No pending paragraphs found
[EmbeddingTask] 🔍 Checking for pending paragraphs to vectorize...
[2026-03-08T08:37:26.908Z] [INFO] [EmbeddingTask] Checking for pending paragraphs...
[EmbeddingTask] ✅ No pending paragraphs found
[EmbeddingTask] 🔍 Checking for pending paragraphs to vectorize...
[2026-03-08T08:37:56.919Z] [INFO] [EmbeddingTask] Checking for pending paragraphs...
[EmbeddingTask] ✅ No pending paragraphs found
[EmbeddingTask] 🔍 Checking for pending paragraphs to vectorize...
[2026-03-08T08:38:26.921Z] [INFO] [EmbeddingTask] Checking for pending paragraphs...
[EmbeddingTask] ✅ No pending paragraphs found
[EmbeddingTask] 🔍 Checking for pending paragraphs to vectorize...
[2026-03-08T08:38:56.935Z] [INFO] [EmbeddingTask] Checking for pending paragraphs...
[EmbeddingTask] ✅ No pending paragraphs found
[EmbeddingTask] 🔍 Checking for pending paragraphs to vectorize...
[2026-03-08T08:39:26.946Z] [INFO] [EmbeddingTask] Checking for pending paragraphs...
[EmbeddingTask] ✅ No pending paragraphs found
[EmbeddingTask] 🔍 Checking for pending paragraphs to vectorize...
[2026-03-08T08:39:56.950Z] [INFO] [EmbeddingTask] Checking for pending paragraphs...
[EmbeddingTask] ✅ No pending paragraphs found
[EmbeddingTask] 🔍 Checking for pending paragraphs to vectorize...
[2026-03-08T08:40:26.953Z] [INFO] [EmbeddingTask] Checking for pending paragraphs...
[EmbeddingTask] ✅ No pending paragraphs found
[EmbeddingTask] 🔍 Checking for pending paragraphs to vectorize...
[2026-03-08T08:40:56.967Z] [INFO] [EmbeddingTask] Checking for pending paragraphs...
[EmbeddingTask] ✅ No pending paragraphs found
[EmbeddingTask] 🔍 Checking for pending paragraphs to vectorize...
[2026-03-08T08:41:26.980Z] [INFO] [EmbeddingTask] Checking for pending paragraphs...
[EmbeddingTask] ✅ No pending paragraphs found
[EmbeddingTask] 🔍 Checking for pending paragraphs to vectorize...
[2026-03-08T08:41:56.985Z] [INFO] [EmbeddingTask] Checking for pending paragraphs...
[EmbeddingTask] ✅ No pending paragraphs found
[EmbeddingTask] 🔍 Checking for pending paragraphs to vectorize...
[2026-03-08T08:42:26.994Z] [INFO] [EmbeddingTask] Checking for pending paragraphs...
[EmbeddingTask] ✅ No pending paragraphs found
[EmbeddingTask] 🔍 Checking for pending paragraphs to vectorize...
[2026-03-08T08:42:57.003Z] [INFO] [EmbeddingTask] Checking for pending paragraphs...
[EmbeddingTask] ✅ No pending paragraphs found
[EmbeddingTask] 🔍 Checking for pending paragraphs to vectorize...
[2026-03-08T08:43:27.009Z] [INFO] [EmbeddingTask] Checking for pending paragraphs...
[EmbeddingTask] ✅ No pending paragraphs found
[EmbeddingTask] 🔍 Checking for pending paragraphs to vectorize...
[2026-03-08T08:43:57.013Z] [INFO] [EmbeddingTask] Checking for pending paragraphs...
[EmbeddingTask] ✅ No pending paragraphs found
[EmbeddingTask] 🔍 Checking for pending paragraphs to vectorize...
[2026-03-08T08:44:27.017Z] [INFO] [EmbeddingTask] Checking for pending paragraphs...
[EmbeddingTask] ✅ No pending paragraphs found
[EmbeddingTask] 🔍 Checking for pending paragraphs to vectorize...
[2026-03-08T08:44:57.031Z] [INFO] [EmbeddingTask] Checking for pending paragraphs...
[EmbeddingTask] ✅ No pending paragraphs found
[EmbeddingTask] 🔍 Checking for pending paragraphs to vectorize...
[2026-03-08T08:45:27.044Z] [INFO] [EmbeddingTask] Checking for pending paragraphs...
[EmbeddingTask] ✅ No pending paragraphs found
[EmbeddingTask] 🔍 Checking for pending paragraphs to vectorize...
[2026-03-08T08:45:57.044Z] [INFO] [EmbeddingTask] Checking for pending paragraphs...
[EmbeddingTask] ✅ No pending paragraphs found
[EmbeddingTask] 🔍 Checking for pending paragraphs to vectorize...
[2026-03-08T08:46:27.049Z] [INFO] [EmbeddingTask] Checking for pending paragraphs...
[EmbeddingTask] ✅ No pending paragraphs found
[EmbeddingTask] 🔍 Checking for pending paragraphs to vectorize...
[2026-03-08T08:46:57.056Z] [INFO] [EmbeddingTask] Checking for pending paragraphs...
[EmbeddingTask] ✅ No pending paragraphs found
[EmbeddingTask] 🔍 Checking for pending paragraphs to vectorize...
[2026-03-08T08:47:27.058Z] [INFO] [EmbeddingTask] Checking for pending paragraphs...
[EmbeddingTask] ✅ No pending paragraphs found
[EmbeddingTask] 🔍 Checking for pending paragraphs to vectorize...
[2026-03-08T08:47:57.066Z] [INFO] [EmbeddingTask] Checking for pending paragraphs...
[EmbeddingTask] ✅ No pending paragraphs found
[EmbeddingTask] 🔍 Checking for pending paragraphs to vectorize...
[2026-03-08T08:48:27.075Z] [INFO] [EmbeddingTask] Checking for pending paragraphs...
[EmbeddingTask] ✅ No pending paragraphs found
[EmbeddingTask] 🔍 Checking for pending paragraphs to vectorize...
[2026-03-08T08:48:57.079Z] [INFO] [EmbeddingTask] Checking for pending paragraphs...
[EmbeddingTask] ✅ No pending paragraphs found
[EmbeddingTask] 🔍 Checking for pending paragraphs to vectorize...
[2026-03-08T08:49:27.084Z] [INFO] [EmbeddingTask] Checking for pending paragraphs...
[EmbeddingTask] ✅ No pending paragraphs found
[EmbeddingTask] 🔍 Checking for pending paragraphs to vectorize...
[2026-03-08T08:49:57.096Z] [INFO] [EmbeddingTask] Checking for pending paragraphs...
[EmbeddingTask] ✅ No pending paragraphs found
[EmbeddingTask] 🔍 Checking for pending paragraphs to vectorize...
[2026-03-08T08:50:27.104Z] [INFO] [EmbeddingTask] Checking for pending paragraphs...
[EmbeddingTask] ✅ No pending paragraphs found
[EmbeddingTask] 🔍 Checking for pending paragraphs to vectorize...
[2026-03-08T08:50:57.108Z] [INFO] [EmbeddingTask] Checking for pending paragraphs...
[EmbeddingTask] ✅ No pending paragraphs found
[EmbeddingTask] 🔍 Checking for pending paragraphs to vectorize...
[2026-03-08T08:51:27.117Z] [INFO] [EmbeddingTask] Checking for pending paragraphs...
[EmbeddingTask] ✅ No pending paragraphs found
[EmbeddingTask] 🔍 Checking for pending paragraphs to vectorize...
[2026-03-08T08:51:57.121Z] [INFO] [EmbeddingTask] Checking for pending paragraphs...
[EmbeddingTask] ✅ No pending paragraphs found
[EmbeddingTask] 🔍 Checking for pending paragraphs to vectorize...
[2026-03-08T08:52:27.131Z] [INFO] [EmbeddingTask] Checking for pending paragraphs...
[EmbeddingTask] ✅ No pending paragraphs found
